==19218== Memcheck, a memory error detector
==19218== Copyright (C) 2002-2015, and GNU GPL'd, by Julian Seward et al.
==19218== Using Valgrind-3.12.0 and LibVEX; rerun with -h for copyright info
==19218== Command: ./ft_retro
==19218== 
==19218== Invalid read of size 8
==19218==    at 0x100008F1C: RenderMachine::renderAll() (RenderMachine.class.cpp:35)
==19218==    by 0x10000A6DB: main (main.cpp:106)
==19218==  Address 0x100aea170 is 0 bytes inside a block of size 48 free'd
==19218==    at 0x100024AB5: free (in /Users/jcamhi/.brew/Cellar/valgrind/3.12.0/lib/valgrind/vgpreload_memcheck-amd64-darwin.so)
==19218==    by 0x100006598: EnemyB::~EnemyB() (EnemyB.class.cpp:11)
==19218==    by 0x1000065D8: non-virtual thunk to EnemyB::~EnemyB() (EnemyB.class.cpp:11)
==19218==    by 0x10000CAC2: MotorMachine::moveAllExcept(AMovable*, RenderMachine&) (MotorMachine.class.cpp:87)
==19218==    by 0x10000A69D: main (main.cpp:100)
==19218==  Block was alloc'd at
==19218==    at 0x100024671: malloc (in /Users/jcamhi/.brew/Cellar/valgrind/3.12.0/lib/valgrind/vgpreload_memcheck-amd64-darwin.so)
==19218==    by 0x1000AB7DD: operator new(unsigned long) (in /usr/lib/libc++.1.dylib)
==19218==    by 0x100006B29: spawnRand() (EnemyEvents.cpp:18)
==19218==    by 0x100009ED9: main (main.cpp:69)
==19218== 
==19218== Invalid read of size 4
==19218==    at 0x10000ADE8: AMovable::getPositionY() const (AMovable.class.cpp:79)
==19218==    by 0x100007A80: GameEntity::display() (GameEntity.class.cpp:59)
==19218==    by 0x100008F24: RenderMachine::renderAll() (RenderMachine.class.cpp:35)
==19218==    by 0x10000A6DB: main (main.cpp:106)
==19218==  Address 0x100aea18c is 28 bytes inside a block of size 48 free'd
==19218==    at 0x100024AB5: free (in /Users/jcamhi/.brew/Cellar/valgrind/3.12.0/lib/valgrind/vgpreload_memcheck-amd64-darwin.so)
==19218==    by 0x100006598: EnemyB::~EnemyB() (EnemyB.class.cpp:11)
==19218==    by 0x1000065D8: non-virtual thunk to EnemyB::~EnemyB() (EnemyB.class.cpp:11)
==19218==    by 0x10000CAC2: MotorMachine::moveAllExcept(AMovable*, RenderMachine&) (MotorMachine.class.cpp:87)
==19218==    by 0x10000A69D: main (main.cpp:100)
==19218==  Block was alloc'd at
==19218==    at 0x100024671: malloc (in /Users/jcamhi/.brew/Cellar/valgrind/3.12.0/lib/valgrind/vgpreload_memcheck-amd64-darwin.so)
==19218==    by 0x1000AB7DD: operator new(unsigned long) (in /usr/lib/libc++.1.dylib)
==19218==    by 0x100006B29: spawnRand() (EnemyEvents.cpp:18)
==19218==    by 0x100009ED9: main (main.cpp:69)
==19218== 
==19218== Invalid read of size 4
==19218==    at 0x10000ADC8: AMovable::getPositionX() const (AMovable.class.cpp:75)
==19218==    by 0x100007A93: GameEntity::display() (GameEntity.class.cpp:59)
==19218==    by 0x100008F24: RenderMachine::renderAll() (RenderMachine.class.cpp:35)
==19218==    by 0x10000A6DB: main (main.cpp:106)
==19218==  Address 0x100aea188 is 24 bytes inside a block of size 48 free'd
==19218==    at 0x100024AB5: free (in /Users/jcamhi/.brew/Cellar/valgrind/3.12.0/lib/valgrind/vgpreload_memcheck-amd64-darwin.so)
==19218==    by 0x100006598: EnemyB::~EnemyB() (EnemyB.class.cpp:11)
==19218==    by 0x1000065D8: non-virtual thunk to EnemyB::~EnemyB() (EnemyB.class.cpp:11)
==19218==    by 0x10000CAC2: MotorMachine::moveAllExcept(AMovable*, RenderMachine&) (MotorMachine.class.cpp:87)
==19218==    by 0x10000A69D: main (main.cpp:100)
==19218==  Block was alloc'd at
==19218==    at 0x100024671: malloc (in /Users/jcamhi/.brew/Cellar/valgrind/3.12.0/lib/valgrind/vgpreload_memcheck-amd64-darwin.so)
==19218==    by 0x1000AB7DD: operator new(unsigned long) (in /usr/lib/libc++.1.dylib)
==19218==    by 0x100006B29: spawnRand() (EnemyEvents.cpp:18)
==19218==    by 0x100009ED9: main (main.cpp:69)
==19218== 
==19218== Invalid read of size 1
==19218==    at 0x1000070CC: GameEntity::getModel() const (GameEntity.class.cpp:48)
==19218==    by 0x100007AC9: GameEntity::display() (GameEntity.class.cpp:59)
==19218==    by 0x100008F24: RenderMachine::renderAll() (RenderMachine.class.cpp:35)
==19218==    by 0x10000A6DB: main (main.cpp:106)
==19218==  Address 0x100aea198 is 40 bytes inside a block of size 48 free'd
==19218==    at 0x100024AB5: free (in /Users/jcamhi/.brew/Cellar/valgrind/3.12.0/lib/valgrind/vgpreload_memcheck-amd64-darwin.so)
==19218==    by 0x100006598: EnemyB::~EnemyB() (EnemyB.class.cpp:11)
==19218==    by 0x1000065D8: non-virtual thunk to EnemyB::~EnemyB() (EnemyB.class.cpp:11)
==19218==    by 0x10000CAC2: MotorMachine::moveAllExcept(AMovable*, RenderMachine&) (MotorMachine.class.cpp:87)
==19218==    by 0x10000A69D: main (main.cpp:100)
==19218==  Block was alloc'd at
==19218==    at 0x100024671: malloc (in /Users/jcamhi/.brew/Cellar/valgrind/3.12.0/lib/valgrind/vgpreload_memcheck-amd64-darwin.so)
==19218==    by 0x1000AB7DD: operator new(unsigned long) (in /usr/lib/libc++.1.dylib)
==19218==    by 0x100006B29: spawnRand() (EnemyEvents.cpp:18)
==19218==    by 0x100009ED9: main (main.cpp:69)
==19218== 
==19218== 
==19218== HEAP SUMMARY:
==19218==     in use at exit: 1,377,914 bytes in 809 blocks
==19218==   total heap usage: 3,271 allocs, 2,462 frees, 10,188,538 bytes allocated
==19218== 
==19218== LEAK SUMMARY:
==19218==    definitely lost: 6,528 bytes in 136 blocks
==19218==    indirectly lost: 0 bytes in 0 blocks
==19218==      possibly lost: 0 bytes in 0 blocks
==19218==    still reachable: 1,348,972 bytes in 483 blocks
==19218==         suppressed: 22,414 bytes in 190 blocks
==19218== Rerun with --leak-check=full to see details of leaked memory
==19218== 
==19218== For counts of detected and suppressed errors, rerun with: -v
==19218== ERROR SUMMARY: 1544 errors from 4 contexts (suppressed: 0 from 0)
