==47106== Memcheck, a memory error detector
==47106== Copyright (C) 2002-2015, and GNU GPL'd, by Julian Seward et al.
==47106== Using Valgrind-3.12.0 and LibVEX; rerun with -h for copyright info
==47106== Command: ./ft_retro
==47106== 
==47106== Invalid read of size 8
==47106==    at 0x10000A9BC: GameMachine::moveAllExcept(GameEntity*) (GameMachine.class.cpp:85)
==47106==    by 0x1000093D8: main (main.cpp:93)
==47106==  Address 0x101da6798 is 0 bytes after a block of size 1,432 alloc'd
==47106==    at 0x100020671: malloc (in /Users/jcamhi/.brew/Cellar/valgrind/3.12.0/lib/valgrind/vgpreload_memcheck-amd64-darwin.so)
==47106==    by 0x1000A77DD: operator new(unsigned long) (in /usr/lib/libc++.1.dylib)
==47106==    by 0x10000C309: GameMachine::removeGE(unsigned int) (GameMachine.class.cpp:165)
==47106==    by 0x10000A4C4: GameMachine::removeGE(GameEntity*) (GameMachine.class.cpp:188)
==47106==    by 0x10000AD40: GameMachine::moveAllExcept(GameEntity*) (GameMachine.class.cpp:102)
==47106==    by 0x1000093D8: main (main.cpp:93)
==47106== 
==47106== Invalid read of size 4
==47106==    at 0x10000735C: GameEntity::move() (GameEntity.class.cpp:39)
==47106==    by 0x1000093FE: main (main.cpp:98)
==47106==  Address 0x100ae611c is 28 bytes inside a block of size 40 free'd
==47106==    at 0x100020AB5: free (in /Users/jcamhi/.brew/Cellar/valgrind/3.12.0/lib/valgrind/vgpreload_memcheck-amd64-darwin.so)
==47106==    by 0x1000083D8: Hero::~Hero() (Hero.class.cpp:12)
==47106==    by 0x10000AD70: GameMachine::moveAllExcept(GameEntity*) (GameMachine.class.cpp:103)
==47106==    by 0x1000093D8: main (main.cpp:93)
==47106==  Block was alloc'd at
==47106==    at 0x100020671: malloc (in /Users/jcamhi/.brew/Cellar/valgrind/3.12.0/lib/valgrind/vgpreload_memcheck-amd64-darwin.so)
==47106==    by 0x1000A77DD: operator new(unsigned long) (in /usr/lib/libc++.1.dylib)
==47106==    by 0x10000886A: main (main.cpp:61)
==47106== 
==47106== Invalid read of size 4
==47106==    at 0x100007361: GameEntity::move() (GameEntity.class.cpp:39)
==47106==    by 0x1000093FE: main (main.cpp:98)
==47106==  Address 0x100ae6108 is 8 bytes inside a block of size 40 free'd
==47106==    at 0x100020AB5: free (in /Users/jcamhi/.brew/Cellar/valgrind/3.12.0/lib/valgrind/vgpreload_memcheck-amd64-darwin.so)
==47106==    by 0x1000083D8: Hero::~Hero() (Hero.class.cpp:12)
==47106==    by 0x10000AD70: GameMachine::moveAllExcept(GameEntity*) (GameMachine.class.cpp:103)
==47106==    by 0x1000093D8: main (main.cpp:93)
==47106==  Block was alloc'd at
==47106==    at 0x100020671: malloc (in /Users/jcamhi/.brew/Cellar/valgrind/3.12.0/lib/valgrind/vgpreload_memcheck-amd64-darwin.so)
==47106==    by 0x1000A77DD: operator new(unsigned long) (in /usr/lib/libc++.1.dylib)
==47106==    by 0x10000886A: main (main.cpp:61)
==47106== 
==47106== Invalid write of size 4
==47106==    at 0x100007366: GameEntity::move() (GameEntity.class.cpp:39)
==47106==    by 0x1000093FE: main (main.cpp:98)
==47106==  Address 0x100ae6108 is 8 bytes inside a block of size 40 free'd
==47106==    at 0x100020AB5: free (in /Users/jcamhi/.brew/Cellar/valgrind/3.12.0/lib/valgrind/vgpreload_memcheck-amd64-darwin.so)
==47106==    by 0x1000083D8: Hero::~Hero() (Hero.class.cpp:12)
==47106==    by 0x10000AD70: GameMachine::moveAllExcept(GameEntity*) (GameMachine.class.cpp:103)
==47106==    by 0x1000093D8: main (main.cpp:93)
==47106==  Block was alloc'd at
==47106==    at 0x100020671: malloc (in /Users/jcamhi/.brew/Cellar/valgrind/3.12.0/lib/valgrind/vgpreload_memcheck-amd64-darwin.so)
==47106==    by 0x1000A77DD: operator new(unsigned long) (in /usr/lib/libc++.1.dylib)
==47106==    by 0x10000886A: main (main.cpp:61)
==47106== 
==47106== Invalid read of size 4
==47106==    at 0x10000736B: GameEntity::move() (GameEntity.class.cpp:40)
==47106==    by 0x1000093FE: main (main.cpp:98)
==47106==  Address 0x100ae6120 is 32 bytes inside a block of size 40 free'd
==47106==    at 0x100020AB5: free (in /Users/jcamhi/.brew/Cellar/valgrind/3.12.0/lib/valgrind/vgpreload_memcheck-amd64-darwin.so)
==47106==    by 0x1000083D8: Hero::~Hero() (Hero.class.cpp:12)
==47106==    by 0x10000AD70: GameMachine::moveAllExcept(GameEntity*) (GameMachine.class.cpp:103)
==47106==    by 0x1000093D8: main (main.cpp:93)
==47106==  Block was alloc'd at
==47106==    at 0x100020671: malloc (in /Users/jcamhi/.brew/Cellar/valgrind/3.12.0/lib/valgrind/vgpreload_memcheck-amd64-darwin.so)
==47106==    by 0x1000A77DD: operator new(unsigned long) (in /usr/lib/libc++.1.dylib)
==47106==    by 0x10000886A: main (main.cpp:61)
==47106== 
==47106== Invalid read of size 4
==47106==    at 0x100007370: GameEntity::move() (GameEntity.class.cpp:40)
==47106==    by 0x1000093FE: main (main.cpp:98)
==47106==  Address 0x100ae610c is 12 bytes inside a block of size 40 free'd
==47106==    at 0x100020AB5: free (in /Users/jcamhi/.brew/Cellar/valgrind/3.12.0/lib/valgrind/vgpreload_memcheck-amd64-darwin.so)
==47106==    by 0x1000083D8: Hero::~Hero() (Hero.class.cpp:12)
==47106==    by 0x10000AD70: GameMachine::moveAllExcept(GameEntity*) (GameMachine.class.cpp:103)
==47106==    by 0x1000093D8: main (main.cpp:93)
==47106==  Block was alloc'd at
==47106==    at 0x100020671: malloc (in /Users/jcamhi/.brew/Cellar/valgrind/3.12.0/lib/valgrind/vgpreload_memcheck-amd64-darwin.so)
==47106==    by 0x1000A77DD: operator new(unsigned long) (in /usr/lib/libc++.1.dylib)
==47106==    by 0x10000886A: main (main.cpp:61)
==47106== 
==47106== Invalid write of size 4
==47106==    at 0x100007375: GameEntity::move() (GameEntity.class.cpp:40)
==47106==    by 0x1000093FE: main (main.cpp:98)
==47106==  Address 0x100ae610c is 12 bytes inside a block of size 40 free'd
==47106==    at 0x100020AB5: free (in /Users/jcamhi/.brew/Cellar/valgrind/3.12.0/lib/valgrind/vgpreload_memcheck-amd64-darwin.so)
==47106==    by 0x1000083D8: Hero::~Hero() (Hero.class.cpp:12)
==47106==    by 0x10000AD70: GameMachine::moveAllExcept(GameEntity*) (GameMachine.class.cpp:103)
==47106==    by 0x1000093D8: main (main.cpp:93)
==47106==  Block was alloc'd at
==47106==    at 0x100020671: malloc (in /Users/jcamhi/.brew/Cellar/valgrind/3.12.0/lib/valgrind/vgpreload_memcheck-amd64-darwin.so)
==47106==    by 0x1000A77DD: operator new(unsigned long) (in /usr/lib/libc++.1.dylib)
==47106==    by 0x10000886A: main (main.cpp:61)
==47106== 
==47106== Invalid read of size 4
==47106==    at 0x100007A38: GameEntity::getPositionX() const (GameEntity.class.cpp:133)
==47106==    by 0x100008519: Hero::shoot() (Hero.class.cpp:49)
==47106==    by 0x100009603: main (main.cpp:125)
==47106==  Address 0x100ae6108 is 8 bytes inside a block of size 40 free'd
==47106==    at 0x100020AB5: free (in /Users/jcamhi/.brew/Cellar/valgrind/3.12.0/lib/valgrind/vgpreload_memcheck-amd64-darwin.so)
==47106==    by 0x1000083D8: Hero::~Hero() (Hero.class.cpp:12)
==47106==    by 0x10000AD70: GameMachine::moveAllExcept(GameEntity*) (GameMachine.class.cpp:103)
==47106==    by 0x1000093D8: main (main.cpp:93)
==47106==  Block was alloc'd at
==47106==    at 0x100020671: malloc (in /Users/jcamhi/.brew/Cellar/valgrind/3.12.0/lib/valgrind/vgpreload_memcheck-amd64-darwin.so)
==47106==    by 0x1000A77DD: operator new(unsigned long) (in /usr/lib/libc++.1.dylib)
==47106==    by 0x10000886A: main (main.cpp:61)
==47106== 
==47106== Invalid read of size 4
==47106==    at 0x100007A18: GameEntity::getPositionY() const (GameEntity.class.cpp:137)
==47106==    by 0x100008532: Hero::shoot() (Hero.class.cpp:49)
==47106==    by 0x100009603: main (main.cpp:125)
==47106==  Address 0x100ae610c is 12 bytes inside a block of size 40 free'd
==47106==    at 0x100020AB5: free (in /Users/jcamhi/.brew/Cellar/valgrind/3.12.0/lib/valgrind/vgpreload_memcheck-amd64-darwin.so)
==47106==    by 0x1000083D8: Hero::~Hero() (Hero.class.cpp:12)
==47106==    by 0x10000AD70: GameMachine::moveAllExcept(GameEntity*) (GameMachine.class.cpp:103)
==47106==    by 0x1000093D8: main (main.cpp:93)
==47106==  Block was alloc'd at
==47106==    at 0x100020671: malloc (in /Users/jcamhi/.brew/Cellar/valgrind/3.12.0/lib/valgrind/vgpreload_memcheck-amd64-darwin.so)
==47106==    by 0x1000A77DD: operator new(unsigned long) (in /usr/lib/libc++.1.dylib)
==47106==    by 0x10000886A: main (main.cpp:61)
==47106== 
==47106== Invalid read of size 4
==47106==    at 0x1000070AC: GameEntity::getDamage() const (GameEntity.class.cpp:68)
==47106==    by 0x100008543: Hero::shoot() (Hero.class.cpp:49)
==47106==    by 0x100009603: main (main.cpp:125)
==47106==  Address 0x100ae6114 is 20 bytes inside a block of size 40 free'd
==47106==    at 0x100020AB5: free (in /Users/jcamhi/.brew/Cellar/valgrind/3.12.0/lib/valgrind/vgpreload_memcheck-amd64-darwin.so)
==47106==    by 0x1000083D8: Hero::~Hero() (Hero.class.cpp:12)
==47106==    by 0x10000AD70: GameMachine::moveAllExcept(GameEntity*) (GameMachine.class.cpp:103)
==47106==    by 0x1000093D8: main (main.cpp:93)
==47106==  Block was alloc'd at
==47106==    at 0x100020671: malloc (in /Users/jcamhi/.brew/Cellar/valgrind/3.12.0/lib/valgrind/vgpreload_memcheck-amd64-darwin.so)
==47106==    by 0x1000A77DD: operator new(unsigned long) (in /usr/lib/libc++.1.dylib)
==47106==    by 0x10000886A: main (main.cpp:61)
==47106== 
==47106== Invalid write of size 4
==47106==    at 0x100007B66: GameEntity::setDirectionY(float) (GameEntity.class.cpp:128)
==47106==    by 0x1000095D4: main (main.cpp:121)
==47106==  Address 0x100ae6120 is 32 bytes inside a block of size 40 free'd
==47106==    at 0x100020AB5: free (in /Users/jcamhi/.brew/Cellar/valgrind/3.12.0/lib/valgrind/vgpreload_memcheck-amd64-darwin.so)
==47106==    by 0x1000083D8: Hero::~Hero() (Hero.class.cpp:12)
==47106==    by 0x10000AD70: GameMachine::moveAllExcept(GameEntity*) (GameMachine.class.cpp:103)
==47106==    by 0x1000093D8: main (main.cpp:93)
==47106==  Block was alloc'd at
==47106==    at 0x100020671: malloc (in /Users/jcamhi/.brew/Cellar/valgrind/3.12.0/lib/valgrind/vgpreload_memcheck-amd64-darwin.so)
==47106==    by 0x1000A77DD: operator new(unsigned long) (in /usr/lib/libc++.1.dylib)
==47106==    by 0x10000886A: main (main.cpp:61)
==47106== 
==47106== Invalid write of size 4
==47106==    at 0x100007B46: GameEntity::setDirectionX(float) (GameEntity.class.cpp:124)
==47106==    by 0x1000095ED: main (main.cpp:122)
==47106==  Address 0x100ae611c is 28 bytes inside a block of size 40 free'd
==47106==    at 0x100020AB5: free (in /Users/jcamhi/.brew/Cellar/valgrind/3.12.0/lib/valgrind/vgpreload_memcheck-amd64-darwin.so)
==47106==    by 0x1000083D8: Hero::~Hero() (Hero.class.cpp:12)
==47106==    by 0x10000AD70: GameMachine::moveAllExcept(GameEntity*) (GameMachine.class.cpp:103)
==47106==    by 0x1000093D8: main (main.cpp:93)
==47106==  Block was alloc'd at
==47106==    at 0x100020671: malloc (in /Users/jcamhi/.brew/Cellar/valgrind/3.12.0/lib/valgrind/vgpreload_memcheck-amd64-darwin.so)
==47106==    by 0x1000A77DD: operator new(unsigned long) (in /usr/lib/libc++.1.dylib)
==47106==    by 0x10000886A: main (main.cpp:61)
==47106== 
==47106== Invalid write of size 4
==47106==    at 0x100007B66: GameEntity::setDirectionY(float) (GameEntity.class.cpp:128)
==47106==    by 0x100009645: main (main.cpp:129)
==47106==  Address 0x100ae6120 is 32 bytes inside a block of size 40 free'd
==47106==    at 0x100020AB5: free (in /Users/jcamhi/.brew/Cellar/valgrind/3.12.0/lib/valgrind/vgpreload_memcheck-amd64-darwin.so)
==47106==    by 0x1000083D8: Hero::~Hero() (Hero.class.cpp:12)
==47106==    by 0x10000AD70: GameMachine::moveAllExcept(GameEntity*) (GameMachine.class.cpp:103)
==47106==    by 0x1000093D8: main (main.cpp:93)
==47106==  Block was alloc'd at
==47106==    at 0x100020671: malloc (in /Users/jcamhi/.brew/Cellar/valgrind/3.12.0/lib/valgrind/vgpreload_memcheck-amd64-darwin.so)
==47106==    by 0x1000A77DD: operator new(unsigned long) (in /usr/lib/libc++.1.dylib)
==47106==    by 0x10000886A: main (main.cpp:61)
==47106== 
==47106== Invalid write of size 4
==47106==    at 0x100007B46: GameEntity::setDirectionX(float) (GameEntity.class.cpp:124)
==47106==    by 0x100009659: main (main.cpp:130)
==47106==  Address 0x100ae611c is 28 bytes inside a block of size 40 free'd
==47106==    at 0x100020AB5: free (in /Users/jcamhi/.brew/Cellar/valgrind/3.12.0/lib/valgrind/vgpreload_memcheck-amd64-darwin.so)
==47106==    by 0x1000083D8: Hero::~Hero() (Hero.class.cpp:12)
==47106==    by 0x10000AD70: GameMachine::moveAllExcept(GameEntity*) (GameMachine.class.cpp:103)
==47106==    by 0x1000093D8: main (main.cpp:93)
==47106==  Block was alloc'd at
==47106==    at 0x100020671: malloc (in /Users/jcamhi/.brew/Cellar/valgrind/3.12.0/lib/valgrind/vgpreload_memcheck-amd64-darwin.so)
==47106==    by 0x1000A77DD: operator new(unsigned long) (in /usr/lib/libc++.1.dylib)
==47106==    by 0x10000886A: main (main.cpp:61)
==47106== 
==47106== Invalid write of size 4
==47106==    at 0x100007B46: GameEntity::setDirectionX(float) (GameEntity.class.cpp:124)
==47106==    by 0x100009570: main (main.cpp:113)
==47106==  Address 0x100ae611c is 28 bytes inside a block of size 40 free'd
==47106==    at 0x100020AB5: free (in /Users/jcamhi/.brew/Cellar/valgrind/3.12.0/lib/valgrind/vgpreload_memcheck-amd64-darwin.so)
==47106==    by 0x1000083D8: Hero::~Hero() (Hero.class.cpp:12)
==47106==    by 0x10000AD70: GameMachine::moveAllExcept(GameEntity*) (GameMachine.class.cpp:103)
==47106==    by 0x1000093D8: main (main.cpp:93)
==47106==  Block was alloc'd at
==47106==    at 0x100020671: malloc (in /Users/jcamhi/.brew/Cellar/valgrind/3.12.0/lib/valgrind/vgpreload_memcheck-amd64-darwin.so)
==47106==    by 0x1000A77DD: operator new(unsigned long) (in /usr/lib/libc++.1.dylib)
==47106==    by 0x10000886A: main (main.cpp:61)
==47106== 
==47106== Invalid write of size 4
==47106==    at 0x100007B66: GameEntity::setDirectionY(float) (GameEntity.class.cpp:128)
==47106==    by 0x100009589: main (main.cpp:114)
==47106==  Address 0x100ae6120 is 32 bytes inside a block of size 40 free'd
==47106==    at 0x100020AB5: free (in /Users/jcamhi/.brew/Cellar/valgrind/3.12.0/lib/valgrind/vgpreload_memcheck-amd64-darwin.so)
==47106==    by 0x1000083D8: Hero::~Hero() (Hero.class.cpp:12)
==47106==    by 0x10000AD70: GameMachine::moveAllExcept(GameEntity*) (GameMachine.class.cpp:103)
==47106==    by 0x1000093D8: main (main.cpp:93)
==47106==  Block was alloc'd at
==47106==    at 0x100020671: malloc (in /Users/jcamhi/.brew/Cellar/valgrind/3.12.0/lib/valgrind/vgpreload_memcheck-amd64-darwin.so)
==47106==    by 0x1000A77DD: operator new(unsigned long) (in /usr/lib/libc++.1.dylib)
==47106==    by 0x10000886A: main (main.cpp:61)
==47106== 
==47106== Invalid write of size 4
==47106==    at 0x100007B66: GameEntity::setDirectionY(float) (GameEntity.class.cpp:128)
==47106==    by 0x1000095A2: main (main.cpp:117)
==47106==  Address 0x100ae6120 is 32 bytes inside a block of size 40 free'd
==47106==    at 0x100020AB5: free (in /Users/jcamhi/.brew/Cellar/valgrind/3.12.0/lib/valgrind/vgpreload_memcheck-amd64-darwin.so)
==47106==    by 0x1000083D8: Hero::~Hero() (Hero.class.cpp:12)
==47106==    by 0x10000AD70: GameMachine::moveAllExcept(GameEntity*) (GameMachine.class.cpp:103)
==47106==    by 0x1000093D8: main (main.cpp:93)
==47106==  Block was alloc'd at
==47106==    at 0x100020671: malloc (in /Users/jcamhi/.brew/Cellar/valgrind/3.12.0/lib/valgrind/vgpreload_memcheck-amd64-darwin.so)
==47106==    by 0x1000A77DD: operator new(unsigned long) (in /usr/lib/libc++.1.dylib)
==47106==    by 0x10000886A: main (main.cpp:61)
==47106== 
==47106== Invalid write of size 4
==47106==    at 0x100007B46: GameEntity::setDirectionX(float) (GameEntity.class.cpp:124)
==47106==    by 0x1000095BB: main (main.cpp:118)
==47106==  Address 0x100ae611c is 28 bytes inside a block of size 40 free'd
==47106==    at 0x100020AB5: free (in /Users/jcamhi/.brew/Cellar/valgrind/3.12.0/lib/valgrind/vgpreload_memcheck-amd64-darwin.so)
==47106==    by 0x1000083D8: Hero::~Hero() (Hero.class.cpp:12)
==47106==    by 0x10000AD70: GameMachine::moveAllExcept(GameEntity*) (GameMachine.class.cpp:103)
==47106==    by 0x1000093D8: main (main.cpp:93)
==47106==  Block was alloc'd at
==47106==    at 0x100020671: malloc (in /Users/jcamhi/.brew/Cellar/valgrind/3.12.0/lib/valgrind/vgpreload_memcheck-amd64-darwin.so)
==47106==    by 0x1000A77DD: operator new(unsigned long) (in /usr/lib/libc++.1.dylib)
==47106==    by 0x10000886A: main (main.cpp:61)
==47106== 
==47106== Invalid write of size 4
==47106==    at 0x100007B46: GameEntity::setDirectionX(float) (GameEntity.class.cpp:124)
==47106==    by 0x10000953E: main (main.cpp:109)
==47106==  Address 0x100ae611c is 28 bytes inside a block of size 40 free'd
==47106==    at 0x100020AB5: free (in /Users/jcamhi/.brew/Cellar/valgrind/3.12.0/lib/valgrind/vgpreload_memcheck-amd64-darwin.so)
==47106==    by 0x1000083D8: Hero::~Hero() (Hero.class.cpp:12)
==47106==    by 0x10000AD70: GameMachine::moveAllExcept(GameEntity*) (GameMachine.class.cpp:103)
==47106==    by 0x1000093D8: main (main.cpp:93)
==47106==  Block was alloc'd at
==47106==    at 0x100020671: malloc (in /Users/jcamhi/.brew/Cellar/valgrind/3.12.0/lib/valgrind/vgpreload_memcheck-amd64-darwin.so)
==47106==    by 0x1000A77DD: operator new(unsigned long) (in /usr/lib/libc++.1.dylib)
==47106==    by 0x10000886A: main (main.cpp:61)
==47106== 
==47106== Invalid write of size 4
==47106==    at 0x100007B66: GameEntity::setDirectionY(float) (GameEntity.class.cpp:128)
==47106==    by 0x100009557: main (main.cpp:110)
==47106==  Address 0x100ae6120 is 32 bytes inside a block of size 40 free'd
==47106==    at 0x100020AB5: free (in /Users/jcamhi/.brew/Cellar/valgrind/3.12.0/lib/valgrind/vgpreload_memcheck-amd64-darwin.so)
==47106==    by 0x1000083D8: Hero::~Hero() (Hero.class.cpp:12)
==47106==    by 0x10000AD70: GameMachine::moveAllExcept(GameEntity*) (GameMachine.class.cpp:103)
==47106==    by 0x1000093D8: main (main.cpp:93)
==47106==  Block was alloc'd at
==47106==    at 0x100020671: malloc (in /Users/jcamhi/.brew/Cellar/valgrind/3.12.0/lib/valgrind/vgpreload_memcheck-amd64-darwin.so)
==47106==    by 0x1000A77DD: operator new(unsigned long) (in /usr/lib/libc++.1.dylib)
==47106==    by 0x10000886A: main (main.cpp:61)
==47106== 
==47106== 
==47106== HEAP SUMMARY:
==47106==     in use at exit: 1,381,266 bytes in 920 blocks
==47106==   total heap usage: 30,697 allocs, 29,777 frees, 122,104,330 bytes allocated
==47106== 
==47106== LEAK SUMMARY:
==47106==    definitely lost: 9,880 bytes in 247 blocks
==47106==    indirectly lost: 0 bytes in 0 blocks
==47106==      possibly lost: 0 bytes in 0 blocks
==47106==    still reachable: 1,348,972 bytes in 483 blocks
==47106==         suppressed: 22,414 bytes in 190 blocks
==47106== Rerun with --leak-check=full to see details of leaked memory
==47106== 
==47106== For counts of detected and suppressed errors, rerun with: -v
==47106== ERROR SUMMARY: 2463 errors from 20 contexts (suppressed: 0 from 0)
